Using pre-set license
Built from '2020.2/release' branch; Version is '2020.2.1f1 (270dd8c3da1c) revision 2559448'; Using compiler version '192528614'; Build Type 'Release'
OS: 'Windows 10  (10.0.0) 64bit' Language: 'tr' Physical Memory: 8037 MB
BatchMode: 1, IsHumanControllingUs: 0, StartBugReporterOnCrash: 0, Is64bit: 1, IsPro: 0

 COMMAND LINE ARGUMENTS:
C:\Program Files\Unity\Hub\Editor\2020.2.1f1\Editor\Unity.exe
-adb2
-batchMode
-noUpm
-name
AssetImportWorker0
-projectPath
D:/Users/naci_/Desktop/Flamingo Case/Flamingo Case/Color Fill 3D(CLONE)
-logFile
Logs/AssetImportWorker0.log
-srvPort
55700
Successfully changed project path to: D:/Users/naci_/Desktop/Flamingo Case/Flamingo Case/Color Fill 3D(CLONE)
D:/Users/naci_/Desktop/Flamingo Case/Flamingo Case/Color Fill 3D(CLONE)
Using Asset Import Pipeline V2.
Refreshing native plugins compatible for Editor in 36.79 ms, found 0 plugins.
Preloading 0 native plugins for Editor in 0.00 ms.
Initialize engine version: 2020.2.1f1 (270dd8c3da1c)
[Subsystems] Discovering subsystems at path C:/Program Files/Unity/Hub/Editor/2020.2.1f1/Editor/Data/Resources/UnitySubsystems
[Subsystems] Discovering subsystems at path D:/Users/naci_/Desktop/Flamingo Case/Flamingo Case/Color Fill 3D(CLONE)/Assets
GfxDevice: creating device client; threaded=0
Direct3D:
    Version:  Direct3D 11.0 [level 11.1]
    Renderer: NVIDIA GeForce GTX 1050 Ti (ID=0x1c8c)
    Vendor:   
    VRAM:     4021 MB
    Driver:   24.21.13.9835
Initialize mono
Mono path[0] = 'C:/Program Files/Unity/Hub/Editor/2020.2.1f1/Editor/Data/Managed'
Mono path[1] = 'C:/Program Files/Unity/Hub/Editor/2020.2.1f1/Editor/Data/MonoBleedingEdge/lib/mono/unityjit'
Mono config path = 'C:/Program Files/Unity/Hub/Editor/2020.2.1f1/Editor/Data/MonoBleedingEdge/etc'
Using monoOptions --debugger-agent=transport=dt_socket,embedding=1,server=y,suspend=n,address=127.0.0.1:56824
Begin MonoManager ReloadAssembly
Registering precompiled unity dll's ...
Register platform support module: C:/Program Files/Unity/Hub/Editor/2020.2.1f1/Editor/Data/PlaybackEngines/WindowsStandaloneSupport/UnityEditor.WindowsStandalone.Extensions.dll
Registered in 0.002739 seconds.
Native extension for WindowsStandalone target not found
Refreshing native plugins compatible for Editor in 42.02 ms, found 0 plugins.
Preloading 0 native plugins for Editor in 0.00 ms.
Invoked RoslynAnalysisRunner static constructor.
RoslynAnalysisRunner will not be running.
RoslynAnalysisRunner has terminated.
Mono: successfully reloaded assembly
- Completed reload, in  2.919 seconds
Platform modules already initialized, skipping
Registering precompiled user dll's ...
Registered in 0.001492 seconds.
Begin MonoManager ReloadAssembly
Native extension for WindowsStandalone target not found
Refreshing native plugins compatible for Editor in 0.29 ms, found 0 plugins.
Preloading 0 native plugins for Editor in 0.00 ms.
Invoked RoslynAnalysisRunner static constructor.
RoslynAnalysisRunner will not be running.
RoslynAnalysisRunner has terminated.
Mono: successfully reloaded assembly
- Completed reload, in  1.327 seconds
Platform modules already initialized, skipping
========================================================================
Worker process is ready to serve import requests
Launched and connected shader compiler UnityShaderCompiler.exe after 0.05 seconds
Refreshing native plugins compatible for Editor in 0.26 ms, found 0 plugins.
Preloading 0 native plugins for Editor in 0.00 ms.
Unloading 1101 Unused Serialized files (Serialized files now loaded: 0)
System memory in use before: 56.8 MB.
System memory in use after: 56.9 MB.

Unloading 10 unused Assets to reduce memory usage. Loaded Objects now: 1543.
Total: 2.650200 ms (FindLiveObjects: 0.433700 ms CreateObjectMapping: 0.142200 ms MarkObjects: 1.991000 ms  DeleteObjects: 0.079500 ms)

========================================================================
Received Import Request.
  path: Assets/Prefabs/Game Manager.prefab
  artifactKey: Guid(e57b22dcb0371ae4b8fc3ce6a1e34070) Importer(815301076,1909f56bfc062723c751e8b465ee728b)
Start importing Assets/Prefabs/Game Manager.prefab using Guid(e57b22dcb0371ae4b8fc3ce6a1e34070) Importer(815301076,1909f56bfc062723c751e8b465ee728b)  -> (artifact id: 'd4e8b83071648e568ab2255bd480c59f') in 0.119598 seconds
  Import took 0.260105 seconds .

========================================================================
Received Import Request.
  Time since last request: 4.365399 seconds.
  path: Assets/Prefabs/Canvas.prefab
  artifactKey: Guid(846641ab193e94645aeda2957802e33e) Importer(815301076,1909f56bfc062723c751e8b465ee728b)
Start importing Assets/Prefabs/Canvas.prefab using Guid(846641ab193e94645aeda2957802e33e) Importer(815301076,1909f56bfc062723c751e8b465ee728b)  -> (artifact id: 'ce8aa50f06741953235d4026bbdef1c8') in 0.047641 seconds
  Import took 0.067920 seconds .

========================================================================
Received Import Request.
  Time since last request: 1.559882 seconds.
  path: Assets/Prefabs/EventSystem.prefab
  artifactKey: Guid(6c8d5ef612c88d44eb313c135588dd32) Importer(815301076,1909f56bfc062723c751e8b465ee728b)
Start importing Assets/Prefabs/EventSystem.prefab using Guid(6c8d5ef612c88d44eb313c135588dd32) Importer(815301076,1909f56bfc062723c751e8b465ee728b)  -> (artifact id: '75b6e6c9b2f764de8fa1288ee34b87ae') in 0.014106 seconds
  Import took 0.051766 seconds .

========================================================================
Received Import Request.
  Time since last request: 1.842052 seconds.
  path: Assets/Prefabs/LevelManager.prefab
  artifactKey: Guid(bc31d0622b8ddba4eb6d445f03fe2d52) Importer(815301076,1909f56bfc062723c751e8b465ee728b)
Start importing Assets/Prefabs/LevelManager.prefab using Guid(bc31d0622b8ddba4eb6d445f03fe2d52) Importer(815301076,1909f56bfc062723c751e8b465ee728b)  -> (artifact id: '88dee09a0316bbc538381e2c8f9ee569') in 0.024097 seconds
  Import took 0.066823 seconds .

========================================================================
Received Import Request.
  Time since last request: 5.643400 seconds.
  path: Assets/Prefabs/Enemy.prefab
  artifactKey: Guid(1466742aeb79db643948d4f0c1113aee) Importer(815301076,1909f56bfc062723c751e8b465ee728b)
Start importing Assets/Prefabs/Enemy.prefab using Guid(1466742aeb79db643948d4f0c1113aee) Importer(815301076,1909f56bfc062723c751e8b465ee728b)  -> (artifact id: '7d565d61e97f8128a6d8da38ebace41d') in 0.109089 seconds
  Import took 0.113776 seconds .

========================================================================
Received Import Request.
  Time since last request: 2.641407 seconds.
  path: Assets/Prefabs/Walls.prefab
  artifactKey: Guid(02d6010bbc5f54548be0ef935b064a67) Importer(815301076,1909f56bfc062723c751e8b465ee728b)
Start importing Assets/Prefabs/Walls.prefab using Guid(02d6010bbc5f54548be0ef935b064a67) Importer(815301076,1909f56bfc062723c751e8b465ee728b)  -> (artifact id: 'e310bb118fb307cbfbc4d24273f6870c') in 0.030619 seconds
  Import took 0.049303 seconds .

========================================================================
Received Import Request.
  Time since last request: 1.748097 seconds.
  path: Assets/Prefabs/Player.prefab
  artifactKey: Guid(5a67b7841432e834a8592ab6dedb5e38) Importer(815301076,1909f56bfc062723c751e8b465ee728b)
Start importing Assets/Prefabs/Player.prefab using Guid(5a67b7841432e834a8592ab6dedb5e38) Importer(815301076,1909f56bfc062723c751e8b465ee728b)  -> (artifact id: '6460414768587e9b1d454c258b0b632a') in 0.032522 seconds
  Import took 0.064125 seconds .

========================================================================
Received Import Request.
  Time since last request: 0.010758 seconds.
  path: Assets/Prefabs/Player.prefab
  artifactKey: Guid(5a67b7841432e834a8592ab6dedb5e38) Importer(815301076,1909f56bfc062723c751e8b465ee728b)
Start importing Assets/Prefabs/Player.prefab using Guid(5a67b7841432e834a8592ab6dedb5e38) Importer(815301076,1909f56bfc062723c751e8b465ee728b)  -> (artifact id: '6460414768587e9b1d454c258b0b632a') in 0.020089 seconds
  Import took 0.023976 seconds .

========================================================================
Received Prepare
Registering precompiled user dll's ...
Registered in 0.001405 seconds.
Begin MonoManager ReloadAssembly
Native extension for WindowsStandalone target not found
Refreshing native plugins compatible for Editor in 0.26 ms, found 0 plugins.
Preloading 0 native plugins for Editor in 0.00 ms.
Invoked RoslynAnalysisRunner static constructor.
RoslynAnalysisRunner will not be running.
RoslynAnalysisRunner has terminated.
Mono: successfully reloaded assembly
- Completed reload, in  1.276 seconds
Platform modules already initialized, skipping
Refreshing native plugins compatible for Editor in 0.28 ms, found 0 plugins.
Preloading 0 native plugins for Editor in 0.00 ms.
Unloading 1096 Unused Serialized files (Serialized files now loaded: 0)
System memory in use before: 60.2 MB.
System memory in use after: 60.3 MB.

Unloading 7 unused Assets to reduce memory usage. Loaded Objects now: 1555.
Total: 2.733500 ms (FindLiveObjects: 0.264700 ms CreateObjectMapping: 0.081400 ms MarkObjects: 2.316000 ms  DeleteObjects: 0.069600 ms)

========================================================================
Received Prepare
Registering precompiled user dll's ...
Registered in 0.001372 seconds.
Begin MonoManager ReloadAssembly
Native extension for WindowsStandalone target not found
Refreshing native plugins compatible for Editor in 0.27 ms, found 0 plugins.
Preloading 0 native plugins for Editor in 0.00 ms.
Invoked RoslynAnalysisRunner static constructor.
RoslynAnalysisRunner will not be running.
RoslynAnalysisRunner has terminated.
Mono: successfully reloaded assembly
- Completed reload, in  1.243 seconds
Platform modules already initialized, skipping
Refreshing native plugins compatible for Editor in 0.26 ms, found 0 plugins.
Preloading 0 native plugins for Editor in 0.00 ms.
Unloading 1096 Unused Serialized files (Serialized files now loaded: 0)
System memory in use before: 60.5 MB.
System memory in use after: 60.6 MB.

Unloading 5 unused Assets to reduce memory usage. Loaded Objects now: 1557.
Total: 3.839700 ms (FindLiveObjects: 0.316900 ms CreateObjectMapping: 0.091300 ms MarkObjects: 3.369200 ms  DeleteObjects: 0.059700 ms)

========================================================================
Received Import Request.
  Time since last request: 260.928264 seconds.
  path: Assets/Scenes/Level01.unity
  artifactKey: Guid(9fc0d4010bbf28b4594072e72b8655ab) Importer(815301076,1909f56bfc062723c751e8b465ee728b)
Start importing Assets/Scenes/Level01.unity using Guid(9fc0d4010bbf28b4594072e72b8655ab) Importer(815301076,1909f56bfc062723c751e8b465ee728b)  -> (artifact id: '7e08fe4216aabc0714ee121d760f3d60') in 0.021872 seconds
  Import took 0.121174 seconds .

========================================================================
Received Import Request.
  Time since last request: 12.462529 seconds.
  path: Assets/Material/Enemy
  artifactKey: Guid(b2910298bb2783a43ae2e10cceeb18f6) Importer(815301076,1909f56bfc062723c751e8b465ee728b)
Start importing Assets/Material/Enemy using Guid(b2910298bb2783a43ae2e10cceeb18f6) Importer(815301076,1909f56bfc062723c751e8b465ee728b)  -> (artifact id: 'cac27cceb8d757a00f74d2796b4f8c56') in 0.007664 seconds
  Import took 0.011227 seconds .

========================================================================
Received Import Request.
  Time since last request: 6.234741 seconds.
  path: Assets/Material/Player
  artifactKey: Guid(9c8740638f044dd40acf4163b56aad3a) Importer(815301076,1909f56bfc062723c751e8b465ee728b)
Start importing Assets/Material/Player using Guid(9c8740638f044dd40acf4163b56aad3a) Importer(815301076,1909f56bfc062723c751e8b465ee728b)  -> (artifact id: '5f0c90b47ca4ffcda2a42e223cc9f988') in 0.008318 seconds
  Import took 0.026960 seconds .

========================================================================
Received Import Request.
  Time since last request: 0.002751 seconds.
  path: Assets/Material/Player
  artifactKey: Guid(9c8740638f044dd40acf4163b56aad3a) Importer(815301076,1909f56bfc062723c751e8b465ee728b)
Start importing Assets/Material/Player using Guid(9c8740638f044dd40acf4163b56aad3a) Importer(815301076,1909f56bfc062723c751e8b465ee728b)  -> (artifact id: '5f0c90b47ca4ffcda2a42e223cc9f988') in 0.007081 seconds
  Import took 0.010582 seconds .

========================================================================
Received Import Request.
  Time since last request: 5.885244 seconds.
  path: Assets/Material/Ground
  artifactKey: Guid(ef52803612b96364fa8267e7600686dd) Importer(815301076,1909f56bfc062723c751e8b465ee728b)
Start importing Assets/Material/Ground using Guid(ef52803612b96364fa8267e7600686dd) Importer(815301076,1909f56bfc062723c751e8b465ee728b)  -> (artifact id: 'ff4232eb854fdee781ed16fdf388c5a7') in 0.008256 seconds
  Import took 0.026167 seconds .

========================================================================
Received Prepare
Registering precompiled user dll's ...
Registered in 0.001881 seconds.
Begin MonoManager ReloadAssembly
Native extension for WindowsStandalone target not found
Refreshing native plugins compatible for Editor in 0.27 ms, found 0 plugins.
Preloading 0 native plugins for Editor in 0.00 ms.
Invoked RoslynAnalysisRunner static constructor.
RoslynAnalysisRunner will not be running.
RoslynAnalysisRunner has terminated.
Mono: successfully reloaded assembly
- Completed reload, in  1.201 seconds
Platform modules already initialized, skipping
Refreshing native plugins compatible for Editor in 0.26 ms, found 0 plugins.
Preloading 0 native plugins for Editor in 0.00 ms.
Unloading 1096 Unused Serialized files (Serialized files now loaded: 0)
System memory in use before: 60.8 MB.
System memory in use after: 60.8 MB.

Unloading 5 unused Assets to reduce memory usage. Loaded Objects now: 1559.
Total: 3.263700 ms (FindLiveObjects: 0.186900 ms CreateObjectMapping: 0.063200 ms MarkObjects: 2.952100 ms  DeleteObjects: 0.059500 ms)

========================================================================
Received Import Request.
  Time since last request: 49.238724 seconds.
  path: Assets/scripts/Ground
  artifactKey: Guid(66b39918888be124aba6162047457769) Importer(815301076,1909f56bfc062723c751e8b465ee728b)
Start importing Assets/scripts/Ground using Guid(66b39918888be124aba6162047457769) Importer(815301076,1909f56bfc062723c751e8b465ee728b)  -> (artifact id: 'c6e88882fa97d4b2aa66ffe6b23cade9') in 0.012327 seconds
  Import took 0.039338 seconds .

========================================================================
Received Prepare
Registering precompiled user dll's ...
Registered in 0.001674 seconds.
Begin MonoManager ReloadAssembly
Native extension for WindowsStandalone target not found
Refreshing native plugins compatible for Editor in 0.26 ms, found 0 plugins.
Preloading 0 native plugins for Editor in 0.00 ms.
Invoked RoslynAnalysisRunner static constructor.
RoslynAnalysisRunner will not be running.
RoslynAnalysisRunner has terminated.
Mono: successfully reloaded assembly
- Completed reload, in  1.437 seconds
Platform modules already initialized, skipping
Refreshing native plugins compatible for Editor in 0.26 ms, found 0 plugins.
Preloading 0 native plugins for Editor in 0.00 ms.
Unloading 1096 Unused Serialized files (Serialized files now loaded: 0)
System memory in use before: 60.8 MB.
System memory in use after: 60.9 MB.

Unloading 5 unused Assets to reduce memory usage. Loaded Objects now: 1561.
Total: 2.905400 ms (FindLiveObjects: 0.250500 ms CreateObjectMapping: 0.100300 ms MarkObjects: 2.490900 ms  DeleteObjects: 0.061700 ms)

========================================================================
Received Prepare
Registering precompiled user dll's ...
Registered in 0.001912 seconds.
Begin MonoManager ReloadAssembly
Native extension for WindowsStandalone target not found
Refreshing native plugins compatible for Editor in 0.29 ms, found 0 plugins.
Preloading 0 native plugins for Editor in 0.00 ms.
Invoked RoslynAnalysisRunner static constructor.
RoslynAnalysisRunner will not be running.
RoslynAnalysisRunner has terminated.
Mono: successfully reloaded assembly
- Completed reload, in  1.311 seconds
Platform modules already initialized, skipping
Refreshing native plugins compatible for Editor in 0.27 ms, found 0 plugins.
Preloading 0 native plugins for Editor in 0.00 ms.
Unloading 1096 Unused Serialized files (Serialized files now loaded: 0)
System memory in use before: 61.3 MB.
System memory in use after: 61.3 MB.

Unloading 5 unused Assets to reduce memory usage. Loaded Objects now: 1563.
Total: 2.248900 ms (FindLiveObjects: 0.170400 ms CreateObjectMapping: 0.053200 ms MarkObjects: 1.967100 ms  DeleteObjects: 0.056500 ms)

========================================================================
Received Import Request.
  Time since last request: 63.674648 seconds.
  path: Assets/scripts/Editor/CreatAreaEditor.cs
  artifactKey: Guid(bef25f68fef303b48a0706c2d267aff1) Importer(815301076,1909f56bfc062723c751e8b465ee728b)
Start importing Assets/scripts/Editor/CreatAreaEditor.cs using Guid(bef25f68fef303b48a0706c2d267aff1) Importer(815301076,1909f56bfc062723c751e8b465ee728b)  -> (artifact id: 'c9d735a85a19f7b83f41530c3328df0b') in 0.119982 seconds
  Import took 0.139635 seconds .

========================================================================
Received Prepare
Registering precompiled user dll's ...
Registered in 0.002710 seconds.
Begin MonoManager ReloadAssembly
Native extension for WindowsStandalone target not found
Refreshing native plugins compatible for Editor in 0.28 ms, found 0 plugins.
Preloading 0 native plugins for Editor in 0.00 ms.
Invoked RoslynAnalysisRunner static constructor.
RoslynAnalysisRunner will not be running.
RoslynAnalysisRunner has terminated.
Mono: successfully reloaded assembly
- Completed reload, in  1.323 seconds
Platform modules already initialized, skipping
Refreshing native plugins compatible for Editor in 0.26 ms, found 0 plugins.
Preloading 0 native plugins for Editor in 0.00 ms.
Unloading 1096 Unused Serialized files (Serialized files now loaded: 0)
System memory in use before: 61.5 MB.
System memory in use after: 61.6 MB.

Unloading 5 unused Assets to reduce memory usage. Loaded Objects now: 1565.
Total: 3.045800 ms (FindLiveObjects: 0.197400 ms CreateObjectMapping: 0.065500 ms MarkObjects: 2.723800 ms  DeleteObjects: 0.056600 ms)

========================================================================
Received Import Request.
  Time since last request: 84.163088 seconds.
  path: Assets/Prefabs/Game Manager.prefab
  artifactKey: Guid(e57b22dcb0371ae4b8fc3ce6a1e34070) Importer(815301076,1909f56bfc062723c751e8b465ee728b)
Start importing Assets/Prefabs/Game Manager.prefab using Guid(e57b22dcb0371ae4b8fc3ce6a1e34070) Importer(815301076,1909f56bfc062723c751e8b465ee728b)  -> (artifact id: '49e0299a1214b72de9687259645f9d94') in 0.046032 seconds
  Import took 0.146817 seconds .

========================================================================
Received Import Request.
  Time since last request: 231.794775 seconds.
  path: Assets/Scenes/Level02.unity
  artifactKey: Guid(befcf39ff3487c244b8f428f3c25bee4) Importer(815301076,1909f56bfc062723c751e8b465ee728b)
Start importing Assets/Scenes/Level02.unity using Guid(befcf39ff3487c244b8f428f3c25bee4) Importer(815301076,1909f56bfc062723c751e8b465ee728b)  -> (artifact id: 'ee65b1bc3c653c429515a907592d09cd') in 0.008851 seconds
  Import took 0.103176 seconds .

========================================================================
Received Import Request.
  Time since last request: 14.360899 seconds.
  path: Assets/Scenes/Level01.unity
  artifactKey: Guid(9fc0d4010bbf28b4594072e72b8655ab) Importer(815301076,1909f56bfc062723c751e8b465ee728b)
Start importing Assets/Scenes/Level01.unity using Guid(9fc0d4010bbf28b4594072e72b8655ab) Importer(815301076,1909f56bfc062723c751e8b465ee728b)  -> (artifact id: '711ae7ffb06816b5e0a9bc0889168214') in 0.008295 seconds
  Import took 0.035356 seconds .

========================================================================
Received Prepare
Registering precompiled user dll's ...
Registered in 0.001499 seconds.
Begin MonoManager ReloadAssembly
Native extension for WindowsStandalone target not found
Refreshing native plugins compatible for Editor in 0.27 ms, found 0 plugins.
Preloading 0 native plugins for Editor in 0.00 ms.
Invoked RoslynAnalysisRunner static constructor.
RoslynAnalysisRunner will not be running.
RoslynAnalysisRunner has terminated.
Mono: successfully reloaded assembly
- Completed reload, in  1.246 seconds
Platform modules already initialized, skipping
Refreshing native plugins compatible for Editor in 0.26 ms, found 0 plugins.
Preloading 0 native plugins for Editor in 0.00 ms.
Unloading 1096 Unused Serialized files (Serialized files now loaded: 0)
System memory in use before: 61.8 MB.
System memory in use after: 61.9 MB.

Unloading 5 unused Assets to reduce memory usage. Loaded Objects now: 1567.
Total: 2.636900 ms (FindLiveObjects: 0.284000 ms CreateObjectMapping: 0.096700 ms MarkObjects: 2.194700 ms  DeleteObjects: 0.059700 ms)

========================================================================
Received Prepare
Registering precompiled user dll's ...
Registered in 0.002024 seconds.
Begin MonoManager ReloadAssembly
Native extension for WindowsStandalone target not found
Refreshing native plugins compatible for Editor in 0.27 ms, found 0 plugins.
Preloading 0 native plugins for Editor in 0.00 ms.
Invoked RoslynAnalysisRunner static constructor.
RoslynAnalysisRunner will not be running.
RoslynAnalysisRunner has terminated.
Mono: successfully reloaded assembly
- Completed reload, in  1.252 seconds
Platform modules already initialized, skipping
Refreshing native plugins compatible for Editor in 0.26 ms, found 0 plugins.
Preloading 0 native plugins for Editor in 0.00 ms.
Unloading 1096 Unused Serialized files (Serialized files now loaded: 0)
System memory in use before: 61.8 MB.
System memory in use after: 61.9 MB.

Unloading 5 unused Assets to reduce memory usage. Loaded Objects now: 1569.
Total: 2.239400 ms (FindLiveObjects: 0.161000 ms CreateObjectMapping: 0.047700 ms MarkObjects: 1.973800 ms  DeleteObjects: 0.055200 ms)

AssetImportWorkerClient::OnTransportError - code=2 error=End of file
